<?xml version="1.0" encoding="UTF-8"?>
<!-- Generated by org.testng.reporters.JUnitReportReporter -->
<testsuite skipped="0" hostname="DESKTOP-V6OCEE7" name="keywordDrivenFramework.Application" tests="1" failures="0" timestamp="29 Aug 2019 21:37:43 GMT" time="71.503" errors="0">
  <testcase name="verifyInvalidlogintest" time="71.503" classname="keywordDrivenFramework.Application"/>
</testsuite> <!-- keywordDrivenFramework.Application -->
